# JRE version: Java(TM) SE Runtime Environment 18.9 (11.0.11+9) (build 11.0.11+9-LTS-194)
# Java VM: Java HotSpot(TM) 64-Bit Server VM 18.9 (11.0.11+9-LTS-194, mixed mode, tiered, compressed oops, g1 gc, windows-amd64)
Heap:
 garbage-first heap   total 262144K, used 64893K [0x0000000701000000, 0x0000000800000000)
  region size 1024K, 49 young (50176K), 4 survivors (4096K)
 Metaspace       used 17178K, capacity 17683K, committed 17920K, reserved 1064960K
  class space    used 1747K, capacity 1989K, committed 2048K, reserved 1048576K
GC Heap History (6 events):
Event: 1.512 GC heap before
{Heap before GC invocations=0 (full 0):
 garbage-first heap   total 262144K, used 40960K [0x0000000701000000, 0x0000000800000000)
  region size 1024K, 24 young (24576K), 0 survivors (0K)
 Metaspace       used 16734K, capacity 17208K, committed 17408K, reserved 1064960K
  class space    used 1719K, capacity 1958K, committed 2048K, reserved 1048576K
}
Event: 1.516 GC heap after
{Heap after GC invocations=1 (full 0):
 garbage-first heap   total 262144K, used 19492K [0x0000000701000000, 0x0000000800000000)
  region size 1024K, 3 young (3072K), 3 survivors (3072K)
 Metaspace       used 16734K, capacity 17208K, committed 17408K, reserved 1064960K
  class space    used 1719K, capacity 1958K, committed 2048K, reserved 1048576K
}
Event: 40.833 GC heap before
{Heap before GC invocations=1 (full 0):
 garbage-first heap   total 262144K, used 173092K [0x0000000701000000, 0x0000000800000000)
  region size 1024K, 153 young (156672K), 3 survivors (3072K)
 Metaspace       used 17160K, capacity 17683K, committed 17920K, reserved 1064960K
  class space    used 1744K, capacity 1989K, committed 2048K, reserved 1048576K
}
Event: 40.836 GC heap after
{Heap after GC invocations=2 (full 0):
 garbage-first heap   total 262144K, used 15724K [0x0000000701000000, 0x0000000800000000)
  region size 1024K, 4 young (4096K), 4 survivors (4096K)
 Metaspace       used 17160K, capacity 17683K, committed 17920K, reserved 1064960K
  class space    used 1744K, capacity 1989K, committed 2048K, reserved 1048576K
}
Event: 80.641 GC heap before
{Heap before GC invocations=2 (full 0):
 garbage-first heap   total 262144K, used 168300K [0x0000000701000000, 0x0000000800000000)
  region size 1024K, 153 young (156672K), 4 survivors (4096K)
 Metaspace       used 17165K, capacity 17683K, committed 17920K, reserved 1064960K
  class space    used 1744K, capacity 1989K, committed 2048K, reserved 1048576K
}
Event: 80.645 GC heap after
{Heap after GC invocations=3 (full 0):
 garbage-first heap   total 262144K, used 15741K [0x0000000701000000, 0x0000000800000000)
  region size 1024K, 4 young (4096K), 4 survivors (4096K)
 Metaspace       used 17165K, capacity 17683K, committed 17920K, reserved 1064960K
  class space    used 1744K, capacity 1989K, committed 2048K, reserved 1048576K
}

